<?xml version="1.0" encoding="UTF-8"?>
<!-- Generated by org.testng.reporters.JUnitReportReporter -->
<testsuite hostname="Believer-HJ007" failures="0" tests="3" name="runners.ECommRunner" time="7.689" errors="0" timestamp="2023-03-14T17:31:07 IST" skipped="0">
  <testcase classname="runners.ECommRunner" name="runScenario" time="0.423"/>
  <system-out/>
  <testcase classname="runners.ECommRunner" name="f" time="0.001"/>
  <system-out/>
  <testcase classname="runners.ECommRunner" name="runScenario" time="7.265"/>
  <system-out/>
</testsuite> <!-- runners.ECommRunner -->
